<?xml version="1.0" encoding="UTF-8"?>
<!-- Generated by org.testng.reporters.JUnitXMLReporter -->
<testsuite ignored="0" hostname="ANTORA-LAPTOP" failures="0" tests="4" name="Default test" time="9.491" errors="0" timestamp="2024-02-27T21:30:43 BDT">
  <testcase classname="ui.SigninTest" name="signInTest" time="1.1"/>
  <testcase classname="ui.SigninTest" name="GotoStakeholder" time="3.457"/>
  <testcase classname="ui.SigninTest" name="CreateStakeholder" time="4.307"/>
  <testcase classname="ui.SigninTest" name="VerifyCreatedStakeholder" time="0.561"/>
</testsuite> <!-- Default test -->
